<?xml version="1.0" encoding="UTF-8"?>
<testng-results skipped="0" failed="0" ignored="0" total="2" passed="2">
  <reporter-output>
  </reporter-output>
  <suite name="Suite" duration-ms="127269" started-at="2023-02-20T11:04:20 EST" finished-at="2023-02-20T11:06:27 EST">
    <groups>
    </groups>
    <test name="Test" duration-ms="127269" started-at="2023-02-20T11:04:20 EST" finished-at="2023-02-20T11:06:27 EST">
      <class name="testcases.TestCase1">
        <test-method status="PASS" signature="beforeSuite()[pri:0, instance:testcases.TestCase1@1a1c291]" name="beforeSuite" is-config="true" duration-ms="385" started-at="2023-02-20T11:04:20 EST" finished-at="2023-02-20T11:04:20 EST">
          <reporter-output>
          </reporter-output>
        </test-method> <!-- beforeSuite -->
        <test-method status="PASS" signature="beforeTest()[pri:0, instance:testcases.TestCase1@1a1c291]" name="beforeTest" is-config="true" duration-ms="0" started-at="2023-02-20T11:04:20 EST" finished-at="2023-02-20T11:04:20 EST">
          <reporter-output>
          </reporter-output>
        </test-method> <!-- beforeTest -->
        <test-method status="PASS" signature="setData()[pri:0, instance:testcases.TestCase1@1a1c291]" name="setData" is-config="true" duration-ms="0" started-at="2023-02-20T11:04:20 EST" finished-at="2023-02-20T11:04:20 EST">
          <reporter-output>
          </reporter-output>
        </test-method> <!-- setData -->
        <test-method status="PASS" signature="beforeMethod()[pri:0, instance:testcases.TestCase1@1a1c291]" name="beforeMethod" is-config="true" duration-ms="7552" started-at="2023-02-20T11:04:21 EST" finished-at="2023-02-20T11:04:28 EST">
          <reporter-output>
          </reporter-output>
        </test-method> <!-- beforeMethod -->
        <test-method status="PASS" signature="testCase1(java.lang.String)[pri:0, instance:testcases.TestCase1@1a1c291]" name="testCase1" duration-ms="56641" started-at="2023-02-20T11:04:28 EST" data-provider="fetchData" finished-at="2023-02-20T11:05:25 EST">
          <params>
            <param index="0">
              <value>
                <![CDATA[bed]]>
              </value>
            </param>
          </params>
          <reporter-output>
          </reporter-output>
        </test-method> <!-- testCase1 -->
        <test-method status="PASS" signature="afterMethod()[pri:0, instance:testcases.TestCase1@1a1c291]" name="afterMethod" is-config="true" duration-ms="1" started-at="2023-02-20T11:05:25 EST" finished-at="2023-02-20T11:05:25 EST">
          <reporter-output>
          </reporter-output>
        </test-method> <!-- afterMethod -->
        <test-method status="PASS" signature="beforeMethod()[pri:0, instance:testcases.TestCase1@1a1c291]" name="beforeMethod" is-config="true" duration-ms="6900" started-at="2023-02-20T11:05:25 EST" finished-at="2023-02-20T11:05:32 EST">
          <reporter-output>
          </reporter-output>
        </test-method> <!-- beforeMethod -->
        <test-method status="PASS" signature="testCase1(java.lang.String)[pri:0, instance:testcases.TestCase1@1a1c291]" name="testCase1" duration-ms="55555" started-at="2023-02-20T11:05:32 EST" data-provider="fetchData" finished-at="2023-02-20T11:06:27 EST">
          <params>
            <param index="0">
              <value>
                <![CDATA[lamp]]>
              </value>
            </param>
          </params>
          <reporter-output>
          </reporter-output>
        </test-method> <!-- testCase1 -->
        <test-method status="PASS" signature="afterMethod()[pri:0, instance:testcases.TestCase1@1a1c291]" name="afterMethod" is-config="true" duration-ms="0" started-at="2023-02-20T11:06:27 EST" finished-at="2023-02-20T11:06:27 EST">
          <reporter-output>
          </reporter-output>
        </test-method> <!-- afterMethod -->
        <test-method status="PASS" signature="afterTest()[pri:0, instance:testcases.TestCase1@1a1c291]" name="afterTest" is-config="true" duration-ms="0" started-at="2023-02-20T11:06:27 EST" finished-at="2023-02-20T11:06:27 EST">
          <reporter-output>
          </reporter-output>
        </test-method> <!-- afterTest -->
        <test-method status="PASS" signature="afterSuite()[pri:0, instance:testcases.TestCase1@1a1c291]" name="afterSuite" is-config="true" duration-ms="255" started-at="2023-02-20T11:06:28 EST" finished-at="2023-02-20T11:06:28 EST">
          <reporter-output>
          </reporter-output>
        </test-method> <!-- afterSuite -->
      </class> <!-- testcases.TestCase1 -->
    </test> <!-- Test -->
  </suite> <!-- Suite -->
</testng-results>
